<?xml version="1.0" encoding="UTF-8"?>
<testsuite xmlns:xsi="http://www.w3.org/2001/XMLSchema-instance" xsi:noNamespaceSchemaLocation="https://maven.apache.org/surefire/maven-surefire-plugin/xsd/surefire-test-report.xsd" name="LanguageTransformerTest" time="0.062" tests="15" errors="0" skipped="0" failures="0">
  <properties>
    <property name="java.specification.version" value="18"/>
    <property name="sun.cpu.isalist" value="amd64"/>
    <property name="sun.jnu.encoding" value="MS932"/>
    <property name="java.class.path" value="C:\Users\Fabi\Documents\GitHub\AAUCleanCodeWebCrawler\target\test-classes;C:\Users\Fabi\Documents\GitHub\AAUCleanCodeWebCrawler\target\classes;C:\Users\Fabi\.m2\repository\org\jsoup\jsoup\1.15.4\jsoup-1.15.4.jar;C:\Users\Fabi\.m2\repository\org\junit\jupiter\junit-jupiter-params\5.9.1\junit-jupiter-params-5.9.1.jar;C:\Users\Fabi\.m2\repository\org\junit\jupiter\junit-jupiter-api\5.9.1\junit-jupiter-api-5.9.1.jar;C:\Users\Fabi\.m2\repository\org\opentest4j\opentest4j\1.2.0\opentest4j-1.2.0.jar;C:\Users\Fabi\.m2\repository\org\junit\platform\junit-platform-commons\1.9.1\junit-platform-commons-1.9.1.jar;C:\Users\Fabi\.m2\repository\org\apiguardian\apiguardian-api\1.1.2\apiguardian-api-1.1.2.jar;C:\Users\Fabi\.m2\repository\org\junit\jupiter\junit-jupiter-engine\5.9.1\junit-jupiter-engine-5.9.1.jar;C:\Users\Fabi\.m2\repository\org\junit\platform\junit-platform-engine\1.9.1\junit-platform-engine-1.9.1.jar;C:\Users\Fabi\.m2\repository\org\json\json\20230227\json-20230227.jar;"/>
    <property name="java.vm.vendor" value="Eclipse Adoptium"/>
    <property name="sun.arch.data.model" value="64"/>
    <property name="user.variant" value=""/>
    <property name="java.vendor.url" value="https://adoptium.net/"/>
    <property name="user.timezone" value="Europe/Vienna"/>
    <property name="os.name" value="Windows 10"/>
    <property name="java.vm.specification.version" value="18"/>
    <property name="sun.java.launcher" value="SUN_STANDARD"/>
    <property name="user.country" value="AT"/>
    <property name="sun.boot.library.path" value="C:\Users\Fabi\.jdks\temurin-18.0.2.1\bin"/>
    <property name="sun.java.command" value="C:\Users\Fabi\AppData\Local\Temp\surefire6094537749772998775\surefirebooter8562940418852391919.jar C:\Users\Fabi\AppData\Local\Temp\surefire6094537749772998775 2023-06-05T17-07-16_509-jvmRun1 surefire13540052966916383871tmp surefire_012070508376138942684tmp"/>
    <property name="jdk.debug" value="release"/>
    <property name="surefire.test.class.path" value="C:\Users\Fabi\Documents\GitHub\AAUCleanCodeWebCrawler\target\test-classes;C:\Users\Fabi\Documents\GitHub\AAUCleanCodeWebCrawler\target\classes;C:\Users\Fabi\.m2\repository\org\jsoup\jsoup\1.15.4\jsoup-1.15.4.jar;C:\Users\Fabi\.m2\repository\org\junit\jupiter\junit-jupiter-params\5.9.1\junit-jupiter-params-5.9.1.jar;C:\Users\Fabi\.m2\repository\org\junit\jupiter\junit-jupiter-api\5.9.1\junit-jupiter-api-5.9.1.jar;C:\Users\Fabi\.m2\repository\org\opentest4j\opentest4j\1.2.0\opentest4j-1.2.0.jar;C:\Users\Fabi\.m2\repository\org\junit\platform\junit-platform-commons\1.9.1\junit-platform-commons-1.9.1.jar;C:\Users\Fabi\.m2\repository\org\apiguardian\apiguardian-api\1.1.2\apiguardian-api-1.1.2.jar;C:\Users\Fabi\.m2\repository\org\junit\jupiter\junit-jupiter-engine\5.9.1\junit-jupiter-engine-5.9.1.jar;C:\Users\Fabi\.m2\repository\org\junit\platform\junit-platform-engine\1.9.1\junit-platform-engine-1.9.1.jar;C:\Users\Fabi\.m2\repository\org\json\json\20230227\json-20230227.jar;"/>
    <property name="sun.cpu.endian" value="little"/>
    <property name="user.home" value="C:\Users\Fabi"/>
    <property name="user.language" value="de"/>
    <property name="java.specification.vendor" value="Oracle Corporation"/>
    <property name="java.version.date" value="2022-08-18"/>
    <property name="java.home" value="C:\Users\Fabi\.jdks\temurin-18.0.2.1"/>
    <property name="file.separator" value="\"/>
    <property name="basedir" value="C:\Users\Fabi\Documents\GitHub\AAUCleanCodeWebCrawler"/>
    <property name="java.vm.compressedOopsMode" value="Zero based"/>
    <property name="line.separator" value="&#10;"/>
    <property name="java.vm.specification.vendor" value="Oracle Corporation"/>
    <property name="java.specification.name" value="Java Platform API Specification"/>
    <property name="surefire.real.class.path" value="C:\Users\Fabi\AppData\Local\Temp\surefire6094537749772998775\surefirebooter8562940418852391919.jar"/>
    <property name="user.script" value=""/>
    <property name="sun.management.compiler" value="HotSpot 64-Bit Tiered Compilers"/>
    <property name="java.runtime.version" value="18.0.2.1+1"/>
    <property name="user.name" value="Fabi"/>
    <property name="path.separator" value=";"/>
    <property name="os.version" value="10.0"/>
    <property name="java.runtime.name" value="OpenJDK Runtime Environment"/>
    <property name="file.encoding" value="UTF-8"/>
    <property name="java.vm.name" value="OpenJDK 64-Bit Server VM"/>
    <property name="java.vendor.version" value="Temurin-18.0.2.1+1"/>
    <property name="localRepository" value="C:\Users\Fabi\.m2\repository"/>
    <property name="java.vendor.url.bug" value="https://github.com/adoptium/adoptium-support/issues"/>
    <property name="java.io.tmpdir" value="C:\Users\Fabi\AppData\Local\Temp\"/>
    <property name="idea.version" value="2022.3.1"/>
    <property name="java.version" value="18.0.2.1"/>
    <property name="user.dir" value="C:\Users\Fabi\Documents\GitHub\AAUCleanCodeWebCrawler"/>
    <property name="os.arch" value="amd64"/>
    <property name="java.vm.specification.name" value="Java Virtual Machine Specification"/>
    <property name="sun.os.patch.level" value=""/>
    <property name="native.encoding" value="MS932"/>
    <property name="java.library.path" value="C:\Users\Fabi\.jdks\temurin-18.0.2.1\bin;C:\WINDOWS\Sun\Java\bin;C:\WINDOWS\system32;C:\WINDOWS;C:\Program Files\Common Files\Oracle\Java\javapath;C:\WINDOWS\system32;C:\WINDOWS;C:\WINDOWS\System32\Wbem;C:\WINDOWS\System32\WindowsPowerShell\v1.0\;C:\WINDOWS\System32\OpenSSH\;C:\Program Files\Java\jdk-17.0.4.1\bin;C:\Program Files\Git\cmd;C:\Program Files (x86)\PDFtk\bin\;C:\Program Files (x86)\PDFtk Server\bin\;C:\HashiCorp\Vagrant\bin;C:\Strawberry\c\bin;C:\Strawberry\perl\site\bin;C:\Strawberry\perl\bin;C:\Program Files\MySQL\MySQL Shell 8.0\bin\;C:\Users\Fabi\AppData\Local\activestate\cache\bin;C:\Users\Fabi\AppData\Local\ActiveState\StateTool\release\bin;C:\Users\Fabi\AppData\Local\Microsoft\WindowsApps;C:\Program Files\JetBrains\IntelliJ IDEA Community Edition 2022.2.2\bin;;C:\Users\Fabi\AppData\Local\GitHubDesktop\bin;C:\Users\Fabi\AppData\Local\Programs\MiKTeX\miktex\bin\x64\;."/>
    <property name="java.vm.info" value="mixed mode, sharing"/>
    <property name="java.vendor" value="Eclipse Adoptium"/>
    <property name="java.vm.version" value="18.0.2.1+1"/>
    <property name="sun.io.unicode.encoding" value="UnicodeLittle"/>
    <property name="java.class.version" value="62.0"/>
  </properties>
  <testcase name="getLanguageCodesForLanguagesNormalInput{String, String}[1]" classname="LanguageTransformerTest" time="0.027"/>
  <testcase name="getLanguageCodesForLanguagesNormalInput{String, String}[2]" classname="LanguageTransformerTest" time="0.002"/>
  <testcase name="getLanguageCodesForLanguagesNormalInput{String, String}[3]" classname="LanguageTransformerTest" time="0.001"/>
  <testcase name="getLanguageCodesForLanguagesNormalInput{String, String}[4]" classname="LanguageTransformerTest" time="0.001"/>
  <testcase name="getLanguageCodesForLanguagesNormalInput{String, String}[5]" classname="LanguageTransformerTest" time="0.001"/>
  <testcase name="getLanguageCodesForLanguageCodeInput{String}[1]" classname="LanguageTransformerTest" time="0.001"/>
  <testcase name="getLanguageCodesForLanguageCodeInput{String}[2]" classname="LanguageTransformerTest" time="0"/>
  <testcase name="getLanguageCodesForLanguageCodeInput{String}[3]" classname="LanguageTransformerTest" time="0.003"/>
  <testcase name="getLanguageCodesForLanguageCodeInput{String}[4]" classname="LanguageTransformerTest" time="0"/>
  <testcase name="getLanguageCodesForLanguageCodeInput{String}[5]" classname="LanguageTransformerTest" time="0.002"/>
  <testcase name="getLanguageCodesForLanguagesUppercaseInput{String, String}[1]" classname="LanguageTransformerTest" time="0.001"/>
  <testcase name="getLanguageCodesForLanguagesUppercaseInput{String, String}[2]" classname="LanguageTransformerTest" time="0"/>
  <testcase name="getLanguageCodesForLanguagesUppercaseInput{String, String}[3]" classname="LanguageTransformerTest" time="0.001"/>
  <testcase name="getLanguageCodesForLanguagesUppercaseInput{String, String}[4]" classname="LanguageTransformerTest" time="0.001"/>
  <testcase name="getLanguageCodesForLanguagesUppercaseInput{String, String}[5]" classname="LanguageTransformerTest" time="0"/>
</testsuite>